#
# A fatal error has been detected by the Java Runtime Environment:
#
#  EXCEPTION_ACCESS_VIOLATION (0xc0000005) at pc=0x0000000065aec4b0, pid=13144, tid=0x0000000000002094
#
# JRE version: Java(TM) SE Runtime Environment (8.0_121-b13) (build 1.8.0_121-b13)
# Java VM: Java HotSpot(TM) 64-Bit Server VM (25.121-b13 mixed mode windows-amd64 compressed oops)
# Problematic frame:
# C  0x0000000065aec4b0
#
# Failed to write core dump. Minidumps are not enabled by default on client versions of Windows
#
# If you would like to submit a bug report, please visit:
#   http://bugreport.java.com/bugreport/crash.jsp
# The crash happened outside the Java Virtual Machine in native code.
# See problematic frame for where to report the bug.
#

---------------  T H R E A D  ---------------

Current thread (0x000000001dd10800):  JavaThread "Finalizer" daemon [_thread_in_native, id=8340, stack(0x000000001e0f0000,0x000000001e1f0000)]

siginfo: ExceptionCode=0xc0000005, ExceptionInformation=0x0000000000000008 0x0000000065aec4b0

Registers:
RAX=0x0000000065aec4d0, RBX=0x0000000065b22920, RCX=0x0000000065aec4b0, RDX=0x0000000065a5c190
RSP=0x000000001e1eeea8, RBP=0x000000001e1ef040, RSI=0x0000000065a867b0, RDI=0x00000000000007b8
R8 =0x0000000000000001, R9 =0x0000000064bdeca8, R10=0x0000000065b1ee01, R11=0x0000000000000000
R12=0x0000000065a867a0, R13=0x0000000000000000, R14=0x0000000065a5c190, R15=0x0000000065a86440
RIP=0x0000000065aec4b0, EFLAGS=0x0000000000010206

Top of Stack: (sp=0x000000001e1eeea8)
0x000000001e1eeea8:   00007ffceb948fb8 0000000000000001
0x000000001e1eeeb8:   0000000000000001 0000000000000001
0x000000001e1eeec8:   0000000065a867b0 fffffffffffffffe
0x000000001e1eeed8:   0000000065b22620 0000000000000001
0x000000001e1eeee8:   0000000065a867a0 ffffffffffffff01
0x000000001e1eeef8:   000000000000001c 0000335800001ee0
0x000000001e1eef08:   0000000000000008 0000000000000000
0x000000001e1eef18:   000000001dd10800 000000001dd10800
0x000000001e1eef28:   000000001e1ef068 0000000065773e18
0x000000001e1eef38:   0000000000000000 0000000064bdeca0
0x000000001e1eef48:   0000000000000001 0000000065a5c190
0x000000001e1eef58:   00007ffceb91790a 0000000065a86440
0x000000001e1eef68:   0000000065a5c190 0000000065b22920
0x000000001e1eef78:   0000000065a867b0 fffffffffffffffe
0x000000001e1eef88:   000000001dd10800 00000007c0127028
0x000000001e1eef98:   00007ffceb91fe36 0000000065a5c190 

Instructions: (pc=0x0000000065aec4b0)
0x0000000065aec490:   6f 6e 5f 33 00 00 00 00 00 00 00 00 00 00 00 00
0x0000000065aec4a0:   00 00 00 00 00 00 00 00 36 32 57 0c 00 02 00 80
0x0000000065aec4b0:   d0 c4 ae 65 00 00 00 00 f0 c4 ae 65 00 00 00 00
0x0000000065aec4c0:   50 a7 be 64 00 00 00 00 30 32 55 0c 00 03 00 80 


Register to memory mapping:

RAX=0x0000000065aec4d0 is an unknown value
RBX=0x0000000065b22920 is an unknown value
RCX=0x0000000065aec4b0 is an unknown value
RDX=0x0000000065a5c190 is an unknown value
RSP=0x000000001e1eeea8 is pointing into the stack for thread: 0x000000001dd10800
RBP=0x000000001e1ef040 is pointing into the stack for thread: 0x000000001dd10800
RSI=0x0000000065a867b0 is an unknown value
RDI=0x00000000000007b8 is an unknown value
R8 =0x0000000000000001 is an unknown value
R9 =0x0000000064bdeca8 is an unknown value
R10=0x0000000065b1ee01 is an unknown value
R11=0x0000000000000000 is an unknown value
R12=0x0000000065a867a0 is an unknown value
R13=0x0000000000000000 is an unknown value
R14=0x0000000065a5c190 is an unknown value
R15=0x0000000065a86440 is an unknown value


Stack: [0x000000001e0f0000,0x000000001e1f0000],  sp=0x000000001e1eeea8,  free space=1019k
Native frames: (J=compiled Java code, j=interpreted, Vv=VM code, C=native code)
C  0x0000000065aec4b0

Java frames: (J=compiled Java code, j=interpreted, Vv=VM code)
j  com.leapmotion.leap.LeapJNI.delete_Controller(J)V+0
j  com.leapmotion.leap.Controller.delete()V+25
j  com.leapmotion.leap.Controller.finalize()V+1
J 886 C1 java.lang.ref.Finalizer.runFinalizer(Lsun/misc/JavaLangAccess;)V (62 bytes) @ 0x000000000270f2d4 [0x000000000270ed40+0x594]
J 885 C1 java.lang.ref.Finalizer.access$100(Ljava/lang/ref/Finalizer;Lsun/misc/JavaLangAccess;)V (6 bytes) @ 0x000000000270781c [0x00000000027077c0+0x5c]
j  java.lang.ref.Finalizer$FinalizerThread.run()V+45
v  ~StubRoutines::call_stub

---------------  P R O C E S S  ---------------

Java Threads: ( => current thread )
  0x000000001f01e800 JavaThread "Thread-3" daemon [_thread_in_native, id=1220, stack(0x0000000065d80000,0x0000000065e80000)]
  0x000000001ee3e800 JavaThread "Java2D Disposer" daemon [_thread_blocked, id=6632, stack(0x000000001f820000,0x000000001f920000)]
  0x000000001ddb0800 JavaThread "Service Thread" daemon [_thread_blocked, id=13024, stack(0x000000001e8e0000,0x000000001e9e0000)]
  0x000000001dd31000 JavaThread "C1 CompilerThread3" daemon [_thread_blocked, id=12320, stack(0x000000001e7e0000,0x000000001e8e0000)]
  0x000000001dd26000 JavaThread "C2 CompilerThread2" daemon [_thread_blocked, id=10152, stack(0x000000001e6e0000,0x000000001e7e0000)]
  0x000000001dd1f000 JavaThread "C2 CompilerThread1" daemon [_thread_blocked, id=13348, stack(0x000000001e5e0000,0x000000001e6e0000)]
  0x000000001dd18000 JavaThread "C2 CompilerThread0" daemon [_thread_blocked, id=4656, stack(0x000000001e4e0000,0x000000001e5e0000)]
  0x000000001dd16000 JavaThread "Attach Listener" daemon [_thread_blocked, id=8212, stack(0x000000001e3e0000,0x000000001e4e0000)]
  0x000000001dd15000 JavaThread "Signal Dispatcher" daemon [_thread_blocked, id=100, stack(0x000000001e2e0000,0x000000001e3e0000)]
=>0x000000001dd10800 JavaThread "Finalizer" daemon [_thread_in_native, id=8340, stack(0x000000001e0f0000,0x000000001e1f0000)]
  0x0000000002386000 JavaThread "Reference Handler" daemon [_thread_blocked, id=6188, stack(0x000000001dbf0000,0x000000001dcf0000)]
  0x0000000002290800 JavaThread "main" [_thread_blocked, id=10368, stack(0x0000000002190000,0x0000000002290000)]

Other Threads:
  0x000000001be09000 VMThread [stack: 0x000000001daf0000,0x000000001dbf0000] [id=9660]
  0x000000001ddd3000 WatcherThread [stack: 0x000000001e9e0000,0x000000001eae0000] [id=8492]

VM state:not at safepoint (normal execution)

VM Mutex/Monitor currently owned by a thread: None

Heap:
 PSYoungGen      total 76288K, used 6858K [0x000000076b380000, 0x0000000770880000, 0x00000007c0000000)
  eden space 65536K, 6% used [0x000000076b380000,0x000000076b7bb9a0,0x000000076f380000)
  from space 10752K, 23% used [0x000000076fe00000,0x0000000770077198,0x0000000770880000)
  to   space 10752K, 0% used [0x000000076f380000,0x000000076f380000,0x000000076fe00000)
 ParOldGen       total 175104K, used 32792K [0x00000006c1a00000, 0x00000006cc500000, 0x000000076b380000)
  object space 175104K, 18% used [0x00000006c1a00000,0x00000006c3a06010,0x00000006cc500000)
 Metaspace       used 11098K, capacity 11210K, committed 11520K, reserved 1058816K
  class space    used 1139K, capacity 1212K, committed 1280K, reserved 1048576K

Card table byte_map: [0x0000000011750000,0x0000000011f50000] byte_map_base: 0x000000000e143000

Marking Bits: (ParMarkBitMap*) 0x000000006bb4b6d0
 Begin Bits: [0x0000000012ca0000, 0x0000000016c38000)
 End Bits:   [0x0000000016c38000, 0x000000001abd0000)

Polling page: 0x0000000001fa0000

CodeCache: size=245760Kb used=4885Kb max_used=4885Kb free=240874Kb
 bounds [0x0000000002390000, 0x0000000002860000, 0x0000000011390000]
 total_blobs=1808 nmethods=1236 adapters=485
 compilation: enabled

Compilation events (10 events):
Event: 9.556 Thread 0x000000001dd31000 1229       3       java.nio.Bits::long7 (7 bytes)
Event: 9.556 Thread 0x000000001dd31000 nmethod 1229 0x00000000028545d0 code [0x0000000002854720, 0x0000000002854870]
Event: 9.556 Thread 0x000000001dd31000 1230       3       java.nio.Bits::long6 (7 bytes)
Event: 9.556 Thread 0x000000001dd31000 nmethod 1230 0x00000000028542d0 code [0x0000000002854420, 0x0000000002854570]
Event: 9.556 Thread 0x000000001dd31000 1231       3       java.nio.Bits::long5 (7 bytes)
Event: 9.556 Thread 0x000000001dd31000 nmethod 1231 0x0000000002853fd0 code [0x0000000002854120, 0x0000000002854270]
Event: 9.556 Thread 0x000000001dd31000 1232       3       java.nio.Bits::long4 (7 bytes)
Event: 9.556 Thread 0x000000001dd31000 nmethod 1232 0x0000000002853c90 code [0x0000000002853de0, 0x0000000002853f30]
Event: 9.556 Thread 0x000000001dd31000 1233       3       java.nio.HeapByteBuffer::getLong (19 bytes)
Event: 9.557 Thread 0x000000001dd31000 nmethod 1233 0x0000000002857a10 code [0x0000000002857ba0, 0x0000000002857f48]

GC Heap History (4 events):
Event: 2.246 GC heap before
{Heap before GC invocations=1 (full 0):
 PSYoungGen      total 76288K, used 51260K [0x000000076b380000, 0x0000000770880000, 0x00000007c0000000)
  eden space 65536K, 78% used [0x000000076b380000,0x000000076e58f078,0x000000076f380000)
  from space 10752K, 0% used [0x000000076fe00000,0x000000076fe00000,0x0000000770880000)
  to   space 10752K, 0% used [0x000000076f380000,0x000000076f380000,0x000000076fe00000)
 ParOldGen       total 175104K, used 32768K [0x00000006c1a00000, 0x00000006cc500000, 0x000000076b380000)
  object space 175104K, 18% used [0x00000006c1a00000,0x00000006c3a00010,0x00000006cc500000)
 Metaspace       used 10667K, capacity 10794K, committed 11008K, reserved 1058816K
  class space    used 1126K, capacity 1180K, committed 1280K, reserved 1048576K
Event: 2.249 GC heap after
Heap after GC invocations=1 (full 0):
 PSYoungGen      total 76288K, used 3668K [0x000000076b380000, 0x0000000770880000, 0x00000007c0000000)
  eden space 65536K, 0% used [0x000000076b380000,0x000000076b380000,0x000000076f380000)
  from space 10752K, 34% used [0x000000076f380000,0x000000076f7151d8,0x000000076fe00000)
  to   space 10752K, 0% used [0x000000076fe00000,0x000000076fe00000,0x0000000770880000)
 ParOldGen       total 175104K, used 32784K [0x00000006c1a00000, 0x00000006cc500000, 0x000000076b380000)
  object space 175104K, 18% used [0x00000006c1a00000,0x00000006c3a04010,0x00000006cc500000)
 Metaspace       used 10667K, capacity 10794K, committed 11008K, reserved 1058816K
  class space    used 1126K, capacity 1180K, committed 1280K, reserved 1048576K
}
Event: 10.323 GC heap before
{Heap before GC invocations=2 (full 0):
 PSYoungGen      total 76288K, used 69204K [0x000000076b380000, 0x0000000770880000, 0x00000007c0000000)
  eden space 65536K, 100% used [0x000000076b380000,0x000000076f380000,0x000000076f380000)
  from space 10752K, 34% used [0x000000076f380000,0x000000076f7151d8,0x000000076fe00000)
  to   space 10752K, 0% used [0x000000076fe00000,0x000000076fe00000,0x0000000770880000)
 ParOldGen       total 175104K, used 32784K [0x00000006c1a00000, 0x00000006cc500000, 0x000000076b380000)
  object space 175104K, 18% used [0x00000006c1a00000,0x00000006c3a04010,0x00000006cc500000)
 Metaspace       used 11071K, capacity 11210K, committed 11520K, reserved 1058816K
  class space    used 1135K, capacity 1212K, committed 1280K, reserved 1048576K
Event: 10.326 GC heap after
Heap after GC invocations=2 (full 0):
 PSYoungGen      total 76288K, used 2524K [0x000000076b380000, 0x0000000770880000, 0x00000007c0000000)
  eden space 65536K, 0% used [0x000000076b380000,0x000000076b380000,0x000000076f380000)
  from space 10752K, 23% used [0x000000076fe00000,0x0000000770077198,0x0000000770880000)
  to   space 10752K, 0% used [0x000000076f380000,0x000000076f380000,0x000000076fe00000)
 ParOldGen       total 175104K, used 32792K [0x00000006c1a00000, 0x00000006cc500000, 0x000000076b380000)
  object space 175104K, 18% used [0x00000006c1a00000,0x00000006c3a06010,0x00000006cc500000)
 Metaspace       used 11071K, capacity 11210K, committed 11520K, reserved 1058816K
  class space    used 1135K, capacity 1212K, committed 1280K, reserved 1048576K
}

Deoptimization events (5 events):
Event: 0.987 Thread 0x0000000002290800 Uncommon trap: reason=unstable_if action=reinterpret pc=0x0000000002668a7c method=com.jcraft.jogg.Buffer.read(I)I @ 23
Event: 1.005 Thread 0x0000000002290800 Uncommon trap: reason=unstable_if action=reinterpret pc=0x0000000002678fb8 method=org.newdawn.slick.openal.OggInputStream.atEnd()Z @ 18
Event: 1.013 Thread 0x0000000002290800 Uncommon trap: reason=unstable_if action=reinterpret pc=0x0000000002678c38 method=org.newdawn.slick.openal.OggInputStream.read()I @ 11
Event: 1.084 Thread 0x0000000002290800 Uncommon trap: reason=unstable_if action=reinterpret pc=0x00000000026cd1c0 method=com.jcraft.jorbis.Mapping0.inverse(Lcom/jcraft/jorbis/Block;Ljava/lang/Object;)I @ 549
Event: 4.044 Thread 0x0000000002290800 Uncommon trap: reason=unstable_if action=reinterpret pc=0x00000000027f4354 method=org.newdawn.slick.Image.init()V @ 4

Internal exceptions (10 events):
Event: 0.935 Thread 0x0000000002290800 Exception <a 'java/security/PrivilegedActionException'> (0x000000076c0ecef8) thrown at [C:\re\workspace\8-2-build-windows-amd64-cygwin\jdk8u121\8372\hotspot\src\share\vm\prims\jvm.cpp, line 1390]
Event: 0.935 Thread 0x0000000002290800 Exception <a 'java/security/PrivilegedActionException'> (0x000000076c0eeaa0) thrown at [C:\re\workspace\8-2-build-windows-amd64-cygwin\jdk8u121\8372\hotspot\src\share\vm\prims\jvm.cpp, line 1390]
Event: 0.935 Thread 0x0000000002290800 Exception <a 'java/security/PrivilegedActionException'> (0x000000076c0efbc0) thrown at [C:\re\workspace\8-2-build-windows-amd64-cygwin\jdk8u121\8372\hotspot\src\share\vm\prims\jvm.cpp, line 1390]
Event: 0.935 Thread 0x0000000002290800 Exception <a 'java/security/PrivilegedActionException'> (0x000000076c0f4ce0) thrown at [C:\re\workspace\8-2-build-windows-amd64-cygwin\jdk8u121\8372\hotspot\src\share\vm\prims\jvm.cpp, line 1390]
Event: 0.935 Thread 0x0000000002290800 Exception <a 'java/security/PrivilegedActionException'> (0x000000076c0f5938) thrown at [C:\re\workspace\8-2-build-windows-amd64-cygwin\jdk8u121\8372\hotspot\src\share\vm\prims\jvm.cpp, line 1390]
Event: 0.935 Thread 0x0000000002290800 Exception <a 'java/security/PrivilegedActionException'> (0x000000076c0f6560) thrown at [C:\re\workspace\8-2-build-windows-amd64-cygwin\jdk8u121\8372\hotspot\src\share\vm\prims\jvm.cpp, line 1390]
Event: 0.935 Thread 0x0000000002290800 Exception <a 'java/security/PrivilegedActionException'> (0x000000076c0f7c60) thrown at [C:\re\workspace\8-2-build-windows-amd64-cygwin\jdk8u121\8372\hotspot\src\share\vm\prims\jvm.cpp, line 1390]
Event: 0.935 Thread 0x0000000002290800 Exception <a 'java/security/PrivilegedActionException'> (0x000000076c0f88b8) thrown at [C:\re\workspace\8-2-build-windows-amd64-cygwin\jdk8u121\8372\hotspot\src\share\vm\prims\jvm.cpp, line 1390]
Event: 0.935 Thread 0x0000000002290800 Exception <a 'java/security/PrivilegedActionException'> (0x000000076c0f94e0) thrown at [C:\re\workspace\8-2-build-windows-amd64-cygwin\jdk8u121\8372\hotspot\src\share\vm\prims\jvm.cpp, line 1390]
Event: 0.935 Thread 0x0000000002290800 Exception <a 'org/lwjgl/LWJGLException'> (0x000000076c0fa748) thrown at [C:\re\workspace\8-2-build-windows-amd64-cygwin\jdk8u121\8372\hotspot\src\share\vm\prims\jni.cpp, line 709]

Events (10 events):
Event: 10.323 Thread 0x000000001dff6000 Thread added: 0x000000001dff6000
Event: 10.323 Executing VM operation: ParallelGCFailedAllocation
Event: 10.326 Executing VM operation: ParallelGCFailedAllocation done
Event: 10.326 Thread 0x000000001dff6000 Thread exited: 0x000000001dff6000
Event: 10.332 Executing VM operation: RevokeBias
Event: 10.332 Executing VM operation: RevokeBias done
Event: 10.333 Executing VM operation: RevokeBias
Event: 10.333 Executing VM operation: RevokeBias done
Event: 10.333 Executing VM operation: RevokeBias
Event: 10.333 Executing VM operation: RevokeBias done


Dynamic libraries:
0x00007ff6fa010000 - 0x00007ff6fa047000 	C:\Program Files\Java\jre1.8.0_121\bin\javaw.exe
0x00007ffd3b910000 - 0x00007ffd3bae1000 	C:\Windows\SYSTEM32\ntdll.dll
0x00007ffd38ea0000 - 0x00007ffd38f4b000 	C:\Windows\System32\KERNEL32.DLL
0x00007ffd38690000 - 0x00007ffd388ad000 	C:\Windows\System32\KERNELBASE.dll
0x00007ffd39720000 - 0x00007ffd397c2000 	C:\Windows\System32\ADVAPI32.dll
0x00007ffd39970000 - 0x00007ffd39a0e000 	C:\Windows\System32\msvcrt.dll
0x00007ffd3b710000 - 0x00007ffd3b769000 	C:\Windows\System32\sechost.dll
0x00007ffd39f00000 - 0x00007ffd3a021000 	C:\Windows\System32\RPCRT4.dll
0x00007ffd39590000 - 0x00007ffd396f5000 	C:\Windows\System32\USER32.dll
0x00007ffd38670000 - 0x00007ffd3868e000 	C:\Windows\System32\win32u.dll
0x00007ffd3b830000 - 0x00007ffd3b864000 	C:\Windows\System32\GDI32.dll
0x00007ffd384e0000 - 0x00007ffd38662000 	C:\Windows\System32\gdi32full.dll
0x00007ffd2f010000 - 0x00007ffd2f289000 	C:\Windows\WinSxS\amd64_microsoft.windows.common-controls_6595b64144ccf1df_6.0.14393.447_none_42191651c6827bb3\COMCTL32.dll
0x00007ffd39c30000 - 0x00007ffd39ef8000 	C:\Windows\System32\combase.dll
0x00007ffd388b0000 - 0x00007ffd389a5000 	C:\Windows\System32\ucrtbase.dll
0x00007ffd389b0000 - 0x00007ffd38a1a000 	C:\Windows\System32\bcryptPrimitives.dll
0x00007ffd3b880000 - 0x00007ffd3b8ae000 	C:\Windows\System32\IMM32.DLL
0x00007ffd37180000 - 0x00007ffd371b2000 	C:\Windows\SYSTEM32\ntmarta.dll
0x00007ffd37a70000 - 0x00007ffd37a9c000 	C:\Windows\SYSTEM32\SspiCli.dll
0x000000006b040000 - 0x000000006b112000 	C:\Program Files\Java\jre1.8.0_121\bin\msvcr100.dll
0x000000006b330000 - 0x000000006bbcb000 	C:\Program Files\Java\jre1.8.0_121\bin\server\jvm.dll
0x00007ffd38f50000 - 0x00007ffd38f58000 	C:\Windows\System32\PSAPI.DLL
0x00007ffd1a370000 - 0x00007ffd1a379000 	C:\Windows\SYSTEM32\WSOCK32.dll
0x00007ffd36200000 - 0x00007ffd36223000 	C:\Windows\SYSTEM32\WINMM.dll
0x00007ffd31e20000 - 0x00007ffd31e2a000 	C:\Windows\SYSTEM32\VERSION.dll
0x00007ffd39a80000 - 0x00007ffd39aea000 	C:\Windows\System32\WS2_32.dll
0x0000000002100000 - 0x000000000212b000 	C:\Windows\SYSTEM32\WINMMBASE.dll
0x00007ffd38ad0000 - 0x00007ffd38b12000 	C:\Windows\System32\cfgmgr32.dll
0x000000006b240000 - 0x000000006b24f000 	C:\Program Files\Java\jre1.8.0_121\bin\verify.dll
0x000000006b210000 - 0x000000006b239000 	C:\Program Files\Java\jre1.8.0_121\bin\java.dll
0x000000006b1f0000 - 0x000000006b206000 	C:\Program Files\Java\jre1.8.0_121\bin\zip.dll
0x00007ffd3a200000 - 0x00007ffd3b709000 	C:\Windows\System32\SHELL32.dll
0x00007ffd37e00000 - 0x00007ffd384da000 	C:\Windows\System32\windows.storage.dll
0x00007ffd37db0000 - 0x00007ffd37dfc000 	C:\Windows\System32\powrprof.dll
0x00007ffd3a190000 - 0x00007ffd3a1e2000 	C:\Windows\System32\shlwapi.dll
0x00007ffd37d90000 - 0x00007ffd37d9f000 	C:\Windows\System32\kernel.appcore.dll
0x00007ffd38bc0000 - 0x00007ffd38c69000 	C:\Windows\System32\shcore.dll
0x00007ffd37d70000 - 0x00007ffd37d84000 	C:\Windows\System32\profapi.dll
0x0000000180000000 - 0x0000000180050000 	C:\Users\Tyler\git\BrickHack3_RPS\slick\lib\natives-windows\lwjgl64.dll
0x00007ffd18700000 - 0x00007ffd18823000 	C:\Windows\SYSTEM32\OPENGL32.dll
0x00007ffd17cc0000 - 0x00007ffd17db7000 	C:\Windows\SYSTEM32\DDRAW.dll
0x00007ffd186d0000 - 0x00007ffd186fd000 	C:\Windows\SYSTEM32\GLU32.dll
0x00007ffd19fc0000 - 0x00007ffd19fc8000 	C:\Windows\SYSTEM32\DCIMAN32.dll
0x000000006aea0000 - 0x000000006b038000 	C:\Program Files\Java\jre1.8.0_121\bin\awt.dll
0x00007ffd3b770000 - 0x00007ffd3b82f000 	C:\Windows\System32\OLEAUT32.dll
0x00007ffd38b20000 - 0x00007ffd38bbc000 	C:\Windows\System32\msvcp_win.dll
0x00007ffd36320000 - 0x00007ffd3639a000 	C:\Windows\SYSTEM32\apphelp.dll
0x00007ffd37850000 - 0x00007ffd37867000 	C:\Windows\SYSTEM32\CRYPTSP.dll
0x00007ffd372b0000 - 0x00007ffd372e3000 	C:\Windows\system32\rsaenh.dll
0x00007ffd37950000 - 0x00007ffd3797b000 	C:\Windows\SYSTEM32\bcrypt.dll
0x00007ffd37520000 - 0x00007ffd3753f000 	C:\Windows\SYSTEM32\USERENV.dll
0x00007ffd37840000 - 0x00007ffd3784b000 	C:\Windows\SYSTEM32\CRYPTBASE.dll
0x000000006b1d0000 - 0x000000006b1ea000 	C:\Program Files\Java\jre1.8.0_121\bin\net.dll
0x00007ffd376a0000 - 0x00007ffd376fc000 	C:\Windows\system32\mswsock.dll
0x00007ffd37430000 - 0x00007ffd37468000 	C:\Windows\SYSTEM32\IPHLPAPI.DLL
0x00007ffd3a1f0000 - 0x00007ffd3a1f8000 	C:\Windows\System32\NSI.dll
0x00007ffd32150000 - 0x00007ffd32166000 	C:\Windows\SYSTEM32\dhcpcsvc6.DLL
0x00007ffd325e0000 - 0x00007ffd325fa000 	C:\Windows\SYSTEM32\dhcpcsvc.DLL
0x000000006b190000 - 0x000000006b1a1000 	C:\Program Files\Java\jre1.8.0_121\bin\nio.dll
0x00007ffd35800000 - 0x00007ffd35826000 	C:\Windows\system32\DWMAPI.DLL
0x00007ffd36500000 - 0x00007ffd36595000 	C:\Windows\system32\uxtheme.dll
0x00007ffd3a030000 - 0x00007ffd3a18b000 	C:\Windows\System32\MSCTF.dll
0x00007ffd2ab30000 - 0x00007ffd2ab78000 	C:\Program Files (x86)\TeamViewer\tv_x64.dll
0x00007ffd39af0000 - 0x00007ffd39c27000 	C:\Windows\System32\ole32.dll
0x00007ffcebb60000 - 0x00007ffcec6a8000 	C:\Windows\SYSTEM32\ig75icd64.dll
0x00007ffd2fee0000 - 0x00007ffd30920000 	C:\Windows\SYSTEM32\igdusc64.dll
0x00007ffd34ae0000 - 0x00007ffd34af3000 	C:\Windows\SYSTEM32\WTSAPI32.dll
0x00007ffd2f290000 - 0x00007ffd2f321000 	C:\Windows\SYSTEM32\mscms.dll
0x00007ffd26580000 - 0x00007ffd265c2000 	C:\Windows\SYSTEM32\icm32.dll
0x000000001f990000 - 0x000000001f9a6000 	C:\Users\Tyler\git\BrickHack3_RPS\slick\lib\natives-windows\jinput-dx8_64.dll
0x00007ffd25e20000 - 0x00007ffd25e60000 	C:\Windows\SYSTEM32\DINPUT8.dll
0x00007ffd36c60000 - 0x00007ffd36c6c000 	C:\Windows\SYSTEM32\HID.DLL
0x00007ffd39000000 - 0x00007ffd39429000 	C:\Windows\System32\SETUPAPI.DLL
0x00007ffd36990000 - 0x00007ffd369b8000 	C:\Windows\SYSTEM32\DEVOBJ.dll
0x00007ffd38e40000 - 0x00007ffd38e95000 	C:\Windows\System32\WINTRUST.dll
0x00007ffd37da0000 - 0x00007ffd37db0000 	C:\Windows\System32\MSASN1.dll
0x00007ffd38c70000 - 0x00007ffd38e39000 	C:\Windows\System32\CRYPT32.dll
0x00000000658c0000 - 0x00000000658d4000 	C:\Users\Tyler\git\BrickHack3_RPS\slick\lib\natives-windows\jinput-raw_64.dll
0x0000000065e80000 - 0x0000000065ee4000 	C:\Users\Tyler\git\BrickHack3_RPS\slick\lib\natives-windows\OpenAL64.dll
0x00007ffd38f60000 - 0x00007ffd38fff000 	C:\Windows\System32\clbcatq.dll
0x00007ffd32250000 - 0x00007ffd322c1000 	C:\Windows\System32\MMDevApi.dll
0x00007ffd34d90000 - 0x00007ffd34f15000 	C:\Windows\System32\PROPSYS.dll
0x00007ffd04550000 - 0x00007ffd045eb000 	C:\Windows\SYSTEM32\dsound.dll
0x00007ffd144e0000 - 0x00007ffd14574000 	C:\Windows\SYSTEM32\AUDIOSES.DLL
0x00007ffd35350000 - 0x00007ffd35486000 	C:\Windows\SYSTEM32\wintypes.dll
0x00007ffd25de0000 - 0x00007ffd25e1e000 	C:\Users\Tyler\git\BrickHack3_RPS\lib\x64\LeapJava.dll
0x00007ffd0b0f0000 - 0x00007ffd0b196000 	C:\Program Files\Java\jre1.8.0_121\bin\MSVCP120.dll
0x00007ffd08780000 - 0x00007ffd0886f000 	C:\Program Files\Java\jre1.8.0_121\bin\MSVCR120.dll
0x00007ffceb900000 - 0x00007ffcebb5e000 	C:\Users\Tyler\git\BrickHack3_RPS\lib\x64\Leap.dll
0x00007ffd27860000 - 0x00007ffd279f2000 	C:\Windows\SYSTEM32\dbghelp.dll

VM Arguments:
jvm_args: -Djava.library.path=C:\Users\Tyler\git\BrickHack3_RPS\lib\x64;C:\Users\Tyler\git\BrickHack3_RPS\slick\lib\natives-windows -Dfile.encoding=Cp1252 
java_command: Game
java_class_path (initial): C:\Users\Tyler\git\BrickHack3_RPS\bin;C:\Users\Tyler\git\BrickHack3_RPS\lib\LeapJava.jar;C:\Users\Tyler\git\BrickHack3_RPS\slick\lib\jinput.jar;C:\Users\Tyler\git\BrickHack3_RPS\slick\lib\jogg-0.0.7.jar;C:\Users\Tyler\git\BrickHack3_RPS\slick\lib\jorbis-0.0.15.jar;C:\Users\Tyler\git\BrickHack3_RPS\slick\lib\lwjgl_util.jar;C:\Users\Tyler\git\BrickHack3_RPS\slick\lib\lwjgl.jar;C:\Users\Tyler\git\BrickHack3_RPS\slick\lib\slick.jar
Launcher Type: SUN_STANDARD

Environment Variables:
PATH=C:\Users\Tyler\git\BrickHack3_RPS\lib\x64;ver;C:/Program Files/Java/jre1.8.0_121/bin;C:/Program Files/Java/jre1.8.0_121/lib/amd64;C:\ProgramData\Oracle\Java\javapath;C:\Windows\system32;C:\Windows;C:\Windows\System32\Wbem;C:\Windows\System32\WindowsPowerShell\v1.0\;C:\Program Files (x86)\NVIDIA Corporation\PhysX\Common;C:\Program Files\MATLAB\R2016b\bin;C:\Program Files\Git\cmd;C:\Program Files\Git\mingw64\bin;C:\Program Files\Git\usr\bin;C:\Users\Tange\Anaconda3;C:\Users\Tange\Anaconda3\Scripts;C:\Users\Tange\Anaconda3\Library\bin;C:\Users\Tange\AppData\Local\Programs\Python\Python35-32\Scripts\;C:\Users\Tange\AppData\Local\Programs\Python\Python35-32\;C:\Users\Tyler\AppData\Local\Microsoft\WindowsApps;;C:\Users\Tyler\Desktop;C:/Program Files/Java/jre1.8.0_121/bin/server;C:/Program Files/Java/jre1.8.0_121/bin;C:/Program Files/Java/jre1.8.0_121/lib/amd64;C:\ProgramData\Oracle\Java\javapath;C:\Windows\system32;C:\Windows;C:\Windows\System32\Wbem;C:\Windows\System32\WindowsPowerShell\v1.0\;C:\Program Files (x86)\NVIDIA Corporation\PhysX\Common;C:\Program Files\MATLAB\R2016b\bin;C:\Program Files\Git\cmd;C:\Program Files\Git\mingw64\bin;C:\Program Files\Git\usr\bin;C:\Users\Tange\Anaconda3;C:\Users\Tange\Anaconda3\Scripts;C:\Users\Tange\Anaconda3\Library\bin;C:\Users\Tange\AppData\Local\Programs\Python\Python35-32\Scripts\;C:\Users\Tange\AppData\Local\Programs\Python\Python35-32\;C:\Users\Tyler\AppData\Local\Microsoft\WindowsApps;;C:\Users\Tyler\Desktop;
USERNAME=Tyler
OS=Windows_NT
PROCESSOR_IDENTIFIER=Intel64 Family 6 Model 60 Stepping 3, GenuineIntel



---------------  S Y S T E M  ---------------

OS: Windows 10.0 , 64 bit Build 14393 (10.0.14393.0)

CPU:total 8 (4 cores per cpu, 2 threads per core) family 6 model 60 stepping 3, cmov, cx8, fxsr, mmx, sse, sse2, sse3, ssse3, sse4.1, sse4.2, popcnt, avx, avx2, aes, clmul, erms, lzcnt, ht, tsc, tscinvbit, bmi1, bmi2

Memory: 4k page, physical 16663588k(9345240k free), swap 19153956k(9114372k free)

vm_info: Java HotSpot(TM) 64-Bit Server VM (25.121-b13) for windows-amd64 JRE (1.8.0_121-b13), built on Dec 12 2016 18:21:36 by "java_re" with MS VC++ 10.0 (VS2010)

time: Sun Feb 12 06:58:30 2017
elapsed time: 10 seconds (0d 0h 0m 10s)

